{"content": {"suites": {"0": {"status": {"total_pass": 1, "total_skip": 0, "total_xpass": 0, "total_xfail": 0, "total_rerun": 0, "total_fail": 4, "total_error": 0}, "tests": {"0": {"status": "PASS", "message": "", "test_name": "test_open_url[Admin-admin123]", "rerun": "0"}, "1": {"status": "FAIL", "message": "   selenium.common.exceptions.NoSuchElementException: Message: no such element: Unable to locate element: {\"method\":\"link text\",\"selector\":\"Dashboard\"}\n     (Session info: chrome=91.0.4472.77)\n", "test_name": "test_open_url[Admin1-admin123]", "rerun": "0"}, "2": {"status": "FAIL", "message": "   selenium.common.exceptions.NoSuchElementException: Message: no such element: Unable to locate element: {\"method\":\"link text\",\"selector\":\"Dashboard\"}\n     (Session info: chrome=91.0.4472.77)\n", "test_name": "test_open_url[-admin123]", "rerun": "0"}, "3": {"status": "FAIL", "message": "   selenium.common.exceptions.NoSuchElementException: Message: no such element: Unable to locate element: {\"method\":\"link text\",\"selector\":\"Dashboard\"}\n     (Session info: chrome=91.0.4472.77)\n", "test_name": "test_open_url[Admin-admin1234]", "rerun": "0"}, "4": {"status": "FAIL", "message": "   selenium.common.exceptions.NoSuchElementException: Message: no such element: Unable to locate element: {\"method\":\"link text\",\"selector\":\"Dashboard\"}\n     (Session info: chrome=91.0.4472.77)\n", "test_name": "test_open_url[Admin-]", "rerun": "0"}}, "suite_name": "Assignments/Orange_HRM_Parameterized_Data_Using_Fixtures_Capture_And_Compare_Result.py"}}}, "date": "June 03, 2021", "start_time": 1622665352.378091, "total_suite": 1, "status": "FAIL", "status_list": {"pass": "1", "fail": "4", "skip": "0", "error": "0", "xpass": "0", "xfail": "0", "rerun": "0"}, "total_tests": "5"}