{"content": {"suites": {"0": {"status": {"total_pass": 0, "total_skip": 0, "total_xpass": 0, "total_xfail": 0, "total_rerun": 0, "total_fail": 10, "total_error": 0}, "tests": {"0": {"status": "FAIL", "message": "   AttributeError: 'Test_OrangeHRM_Login' object has no attribute 'assertEqual'\n", "test_name": "test_open_url[chrome-Admin-admin123]", "rerun": "0"}, "1": {"status": "FAIL", "message": "   selenium.common.exceptions.NoSuchWindowException: Message: no such window: target window already closed\n   from unknown error: web view not found\n     (Session info: chrome=90.0.4430.212)\n", "test_name": "test_open_url[chrome-Admin1-admin123]", "rerun": "0"}, "2": {"status": "FAIL", "message": "   selenium.common.exceptions.WebDriverException: Message: chrome not reachable\n     (Session info: chrome=90.0.4430.212)\n", "test_name": "test_open_url[chrome--admin123]", "rerun": "0"}, "3": {"status": "FAIL", "message": "   selenium.common.exceptions.NoSuchWindowException: Message: no such window: target window already closed\n   from unknown error: web view not found\n     (Session info: chrome=90.0.4430.212)\n", "test_name": "test_open_url[chrome-Admin-admin1234]", "rerun": "0"}, "4": {"status": "FAIL", "message": "   selenium.common.exceptions.WebDriverException: Message: chrome not reachable\n     (Session info: chrome=90.0.4430.212)\n", "test_name": "test_open_url[chrome-Admin-]", "rerun": "0"}, "5": {"status": "FAIL", "message": "   AttributeError: 'Test_OrangeHRM_Login' object has no attribute 'assertEqual'\n", "test_name": "test_open_url[firefox-Admin-admin123]", "rerun": "0"}, "6": {"status": "FAIL", "message": "   selenium.common.exceptions.NoSuchElementException: Message: Unable to locate element: Dashboard\n", "test_name": "test_open_url[firefox-Admin1-admin123]", "rerun": "0"}, "7": {"status": "FAIL", "message": "   selenium.common.exceptions.NoSuchElementException: Message: Unable to locate element: Dashboard\n", "test_name": "test_open_url[firefox--admin123]", "rerun": "0"}, "8": {"status": "FAIL", "message": "   selenium.common.exceptions.NoSuchElementException: Message: Unable to locate element: Dashboard\n", "test_name": "test_open_url[firefox-Admin-admin1234]", "rerun": "0"}, "9": {"status": "FAIL", "message": "   selenium.common.exceptions.NoSuchElementException: Message: Unable to locate element: Dashboard\n", "test_name": "test_open_url[firefox-Admin-]", "rerun": "0"}}, "suite_name": "Assignments/Orange_HRM_Parameterized_Data_Using_Fixtures_Capture_And_Compare_Result.py"}}}, "date": "June 02, 2021", "start_time": 1622658229.7766252, "total_suite": 1, "status": "FAIL", "status_list": {"pass": "0", "fail": "10", "skip": "0", "error": "0", "xpass": "0", "xfail": "0", "rerun": "0"}, "total_tests": "10"}